[0m11:51:15.626508 [debug] [MainThread]: Sending event: {'category': 'dbt', 'action': 'invocation', 'label': 'start', 'context': [<snowplow_tracker.self_describing_json.SelfDescribingJson object at 0x7fbbdaab4b30>, <snowplow_tracker.self_describing_json.SelfDescribingJson object at 0x7fbbd937d280>, <snowplow_tracker.self_describing_json.SelfDescribingJson object at 0x7fbbda0eaf60>]}


============================== 11:51:15.629555 | 22e09f9d-794f-4cbe-bc8d-9eacc8a822d2 ==============================
[0m11:51:15.629555 [info ] [MainThread]: Running with dbt=1.8.4
[0m11:51:15.630077 [debug] [MainThread]: running dbt with arguments {'printer_width': '80', 'indirect_selection': 'eager', 'log_cache_events': 'False', 'write_json': 'True', 'partial_parse': 'True', 'cache_selected_only': 'False', 'profiles_dir': '/root/.dbt', 'version_check': 'True', 'debug': 'False', 'log_path': 'logs', 'warn_error': 'None', 'fail_fast': 'False', 'use_colors': 'True', 'use_experimental_parser': 'False', 'empty': 'None', 'quiet': 'False', 'no_print': 'None', 'warn_error_options': 'WarnErrorOptions(include=[], exclude=[])', 'static_parser': 'True', 'introspect': 'True', 'invocation_command': 'dbt init', 'target_path': 'None', 'log_format': 'default', 'send_anonymous_usage_stats': 'True'}
[0m11:51:37.103795 [debug] [MainThread]: Starter project path: /myenv/lib/python3.12/site-packages/dbt/include/starter_project
[0m11:51:37.109289 [info ] [MainThread]: 
Your new dbt project "test_project" was created!

For more information on how to configure the profiles.yml file,
please consult the dbt documentation here:

  https://docs.getdbt.com/docs/configure-your-profile

One more thing:

Need help? Don't hesitate to reach out to us via GitHub issues or on Slack:

  https://community.getdbt.com/

Happy modeling!

[0m11:51:37.110089 [info ] [MainThread]: Setting up your profile.
[0m11:52:04.515138 [info ] [MainThread]: Profile test_project written to /root/.dbt/profiles.yml using target's profile_template.yml and your supplied values. Run 'dbt debug' to validate the connection.
[0m11:52:04.517155 [debug] [MainThread]: Resource report: {"command_name": "init", "command_success": true, "command_wall_clock_time": 48.937046, "process_user_time": 1.348437, "process_kernel_time": 0.075576, "process_mem_max_rss": "90892", "process_in_blocks": "48", "process_out_blocks": "88"}
[0m11:52:04.518273 [debug] [MainThread]: Command `dbt init` succeeded at 11:52:04.518032 after 48.94 seconds
[0m11:52:04.519055 [debug] [MainThread]: Sending event: {'category': 'dbt', 'action': 'invocation', 'label': 'end', 'context': [<snowplow_tracker.self_describing_json.SelfDescribingJson object at 0x7fbbd90be810>, <snowplow_tracker.self_describing_json.SelfDescribingJson object at 0x7fbbd901cbc0>, <snowplow_tracker.self_describing_json.SelfDescribingJson object at 0x7fbbd9d82f90>]}
[0m11:52:04.519841 [debug] [MainThread]: Flushing usage events
